2018-12-05T00:27:47.870Z - normal: Load ~/.CocosCreator/settings.json
2018-12-05T00:27:47.873Z - normal: checking language setting...
2018-12-05T00:27:47.873Z - normal: Language: en
2018-12-05T00:27:48.425Z - success: protocol editor-framework registered
2018-12-05T00:27:48.425Z - success: protocol app registered
2018-12-05T00:27:48.425Z - success: protocol theme registered
2018-12-05T00:27:48.425Z - success: protocol packages registered
2018-12-05T00:27:48.425Z - success: protocol unpack registerred
2018-12-05T00:27:48.425Z - success: protocol disable-commonjs registerred
2018-12-05T00:27:49.709Z - normal: connected!
2018-12-05T00:27:49.712Z - normal: Check project /Users/tianyuli/Documents/iDeveloper/littleGameSample
2018-12-05T00:27:49.718Z - normal: Initializing project /Users/tianyuli/Documents/iDeveloper/littleGameSample
2018-12-05T00:27:49.723Z - normal: Initializing Cocos2d
2018-12-05T00:27:50.334Z - normal: Initializing Asset Database
2018-12-05T00:27:50.370Z - success: protocol uuid registerred
2018-12-05T00:27:50.370Z - success: protocol db registerred
2018-12-05T00:27:50.371Z - success: protocol thumbnail registerred
2018-12-05T00:27:50.371Z - normal: Loading editor/builtin packages
2018-12-05T00:27:50.543Z - success: assets loaded
2018-12-05T00:27:50.547Z - success: builder loaded
2018-12-05T00:27:50.548Z - success: cocos-analytics loaded
2018-12-05T00:27:50.552Z - success: console loaded
2018-12-05T00:27:50.580Z - success: fb-instant-games loaded
2018-12-05T00:27:50.582Z - success: google-instant-games loaded
2018-12-05T00:27:50.587Z - success: hierarchy loaded
2018-12-05T00:27:50.591Z - success: inspector loaded
2018-12-05T00:27:50.592Z - success: keystore loaded
2018-12-05T00:27:50.599Z - success: node-library loaded
2018-12-05T00:27:50.601Z - success: package-asset loaded
2018-12-05T00:27:50.603Z - success: preferences loaded
2018-12-05T00:27:50.606Z - success: project-exporter loaded
2018-12-05T00:27:50.622Z - success: project-importer loaded
2018-12-05T00:27:50.625Z - success: project-settings loaded
2018-12-05T00:27:50.629Z - success: ui-kit loaded
2018-12-05T00:27:50.633Z - success: scene loaded
2018-12-05T00:27:50.637Z - success: sprite-editor loaded
2018-12-05T00:27:50.646Z - success: store loaded
2018-12-05T00:27:50.652Z - success: timeline loaded
2018-12-05T00:27:50.653Z - normal: Loading builtin packages
2018-12-05T00:27:50.665Z - success: asset-db-debugger loaded
2018-12-05T00:27:50.666Z - success: color-picker loaded
2018-12-05T00:27:50.766Z - success: google-play-instant loaded
2018-12-05T00:27:50.768Z - success: jsb-adapter loaded
2018-12-05T00:27:50.772Z - success: oppo-runtime loaded
2018-12-05T00:27:50.777Z - success: package-manager loaded
2018-12-05T00:27:50.909Z - success: qqplay-adapter loaded
2018-12-05T00:27:50.914Z - success: sdkbox loaded
2018-12-05T00:27:50.920Z - success: tester loaded
2018-12-05T00:27:50.925Z - success: ui-grid loaded
2018-12-05T00:27:50.928Z - success: ui-kit-preview-extra loaded
2018-12-05T00:27:50.932Z - success: ui-kit-preview loaded
2018-12-05T00:27:50.935Z - success: ui-tree loaded
2018-12-05T00:27:50.938Z - success: vivo-runtime loaded
2018-12-05T00:27:50.939Z - success: weapp-adapter loaded
2018-12-05T00:27:51.839Z - normal: Loading packages
2018-12-05T00:27:51.843Z - normal: Watching packages
2018-12-05T00:27:51.904Z - normal: Run Application
2018-12-05T00:27:53.435Z - success: preview server running at http://localhost:7456
2018-12-05T00:27:58.463Z - error: Property 'mainSingleGame.currentQuestion' must define at least one of 'default', 'get' or 'set'.
    at Object.cc.errorID (/Applications/CocosCreator.app/Contents/Resources/engine/bin/.cache/dev/cocos2d/core/CCDebug.js:167:16)
    at Object.exports.preprocessAttrs (/Applications/CocosCreator.app/Contents/Resources/engine/bin/.cache/dev/cocos2d/core/platform/preprocess-class.js:212:36)
    at declareProperties (/Applications/CocosCreator.app/Contents/Resources/engine/bin/.cache/dev/cocos2d/core/platform/CCClass.js:642:28)
    at Object.CCClass [as Class] (/Applications/CocosCreator.app/Contents/Resources/engine/bin/.cache/dev/cocos2d/core/platform/CCClass.js:685:17)
    at __define (/Users/tianyuli/Documents/iDeveloper/littleGameSample/temp/quick-scripts/assets/Script/mainSingleGame.js:17:4)
    at /Users/tianyuli/Documents/iDeveloper/littleGameSample/temp/quick-scripts/assets/Script/mainSingleGame.js:239:13
    at Object.<anonymous> (/Users/tianyuli/Documents/iDeveloper/littleGameSample/temp/quick-scripts/assets/Script/mainSingleGame.js:246:11)
    at Object.<anonymous> (/Users/tianyuli/Documents/iDeveloper/littleGameSample/temp/quick-scripts/assets/Script/mainSingleGame.js:249:3)
    at Module._compile (module.js:571:32)
2018-12-05T00:27:58.463Z - error: Do not set default value to non-empty object, unless the object defines its own 'clone' function. Set default value of mainSingleGame.progressBar to null or {}, and initialize in 'onLoad' or 'ctor' please. (just like 'this.progressBar = {foo: bar};')
    at Object.cc.errorID (/Applications/CocosCreator.app/Contents/Resources/engine/bin/.cache/dev/cocos2d/core/CCDebug.js:167:16)
    at defineProp (/Applications/CocosCreator.app/Contents/Resources/engine/bin/.cache/dev/cocos2d/core/platform/CCClass.js:113:36)
    at declareProperties (/Applications/CocosCreator.app/Contents/Resources/engine/bin/.cache/dev/cocos2d/core/platform/CCClass.js:646:25)
    at Object.CCClass [as Class] (/Applications/CocosCreator.app/Contents/Resources/engine/bin/.cache/dev/cocos2d/core/platform/CCClass.js:685:17)
    at __define (/Users/tianyuli/Documents/iDeveloper/littleGameSample/temp/quick-scripts/assets/Script/mainSingleGame.js:17:4)
    at /Users/tianyuli/Documents/iDeveloper/littleGameSample/temp/quick-scripts/assets/Script/mainSingleGame.js:239:13
    at Object.<anonymous> (/Users/tianyuli/Documents/iDeveloper/littleGameSample/temp/quick-scripts/assets/Script/mainSingleGame.js:246:11)
    at Object.<anonymous> (/Users/tianyuli/Documents/iDeveloper/littleGameSample/temp/quick-scripts/assets/Script/mainSingleGame.js:249:3)
    at Module._compile (module.js:571:32)
2018-12-05T00:28:21.335Z - normal: Start building with options : {
  "actualPlatform": "wechatgame",
  "android-instant": {
    "REMOTE_SERVER_ROOT": "",
    "host": "",
    "pathPattern": "",
    "recordPath": "",
    "scheme": "https",
    "skipRecord": false
  },
  "apiLevel": "",
  "appABIs": [],
  "appKey": "",
  "appSecret": "",
  "buildPath": "/Users/tianyuli/Documents/iDeveloper/littleGameSample/build",
  "debug": true,
  "dest": "/Users/tianyuli/Documents/iDeveloper/littleGameSample/build/wechatgame",
  "embedWebDebugger": false,
  "encryptJs": true,
  "excludeScenes": [],
  "excludedModules": [],
  "fb-instant-games": {},
  "includeAnySDK": false,
  "includeSDKBox": false,
  "inlineSpriteFrames": true,
  "inlineSpriteFrames_native": true,
  "jailbreakPlatform": false,
  "md5Cache": true,
  "mergeStartScene": false,
  "oauthLoginServer": "",
  "optimizeHotUpdate": false,
  "orientation": {
    "landscapeLeft": true,
    "landscapeRight": true,
    "portrait": false,
    "upsideDown": false
  },
  "packageName": "org.cocos2d.helloworld",
  "platform": "wechatgame",
  "previewHeight": "720",
  "previewWidth": "1280",
  "privateKey": "",
  "qqplay": {
    "REMOTE_SERVER_ROOT": "",
    "orientation": "portrait"
  },
  "scenes": [
    "0e28431e-f315-4496-8a2e-ff8832e62d35",
    "afad4943-d925-4b1b-9df0-01bbc71f6126",
    "0a22748c-777d-43a1-a273-a26bd7e7bb5b",
    "2d2f792f-a40c-49bb-a189-ed176a246e49"
  ],
  "sourceMaps": false,
  "startScene": "0e28431e-f315-4496-8a2e-ff8832e62d35",
  "template": "link",
  "title": "hello_world",
  "useDebugKeystore": true,
  "vsVersion": "auto",
  "webOrientation": "auto",
  "wechatgame": {
    "REMOTE_SERVER_ROOT": "",
    "appid": "wx6ac3f5090a6b99c5",
    "orientation": "portrait",
    "subContext": ""
  },
  "xxteaKey": "1d4bb523-5a36-4a",
  "zipCompressJs": true,
  "project": "/Users/tianyuli/Documents/iDeveloper/littleGameSample",
  "projectName": "hello_world",
  "debugBuildWorker": false
}
2018-12-05T00:28:21.337Z - normal: Building /Users/tianyuli/Documents/iDeveloper/littleGameSample
2018-12-05T00:28:21.337Z - normal: Destination /Users/tianyuli/Documents/iDeveloper/littleGameSample/build/wechatgame
2018-12-05T00:28:21.632Z - normal: Delete /Users/tianyuli/Documents/iDeveloper/littleGameSample/build/wechatgame/**/*
2018-12-05T00:28:23.262Z - normal: Start building assets
2018-12-05T00:28:23.263Z - normal: Start spawn build-worker
2018-12-05T00:28:23.855Z - normal: Finish spawn build-worker
2018-12-05T00:28:23.856Z - normal: Start init build-worker
2018-12-05T00:28:26.180Z - error: Property 'mainSingleGame.currentQuestion' must define at least one of 'default', 'get' or 'set'.
    at Object.cc.errorID (/Applications/CocosCreator.app/Contents/Resources/engine/bin/.cache/dev/cocos2d/core/CCDebug.js:167:16)
    at Object.exports.preprocessAttrs (/Applications/CocosCreator.app/Contents/Resources/engine/bin/.cache/dev/cocos2d/core/platform/preprocess-class.js:212:36)
    at declareProperties (/Applications/CocosCreator.app/Contents/Resources/engine/bin/.cache/dev/cocos2d/core/platform/CCClass.js:642:28)
    at Object.CCClass [as Class] (/Applications/CocosCreator.app/Contents/Resources/engine/bin/.cache/dev/cocos2d/core/platform/CCClass.js:685:17)
    at __define (/Users/tianyuli/Documents/iDeveloper/littleGameSample/temp/quick-scripts/assets/Script/mainSingleGame 2.js:17:4)
    at /Users/tianyuli/Documents/iDeveloper/littleGameSample/temp/quick-scripts/assets/Script/mainSingleGame 2.js:239:13
    at Object.<anonymous> (/Users/tianyuli/Documents/iDeveloper/littleGameSample/temp/quick-scripts/assets/Script/mainSingleGame 2.js:246:11)
    at Object.<anonymous> (/Users/tianyuli/Documents/iDeveloper/littleGameSample/temp/quick-scripts/assets/Script/mainSingleGame 2.js:249:3)
    at Module._compile (module.js:571:32)
2018-12-05T00:28:26.182Z - error: A Class already exists with the same __classname__ : "mainSingleGame".
    at /Applications/CocosCreator.app/Contents/Resources/engine/bin/.cache/dev/cocos2d/core/platform/js.js:244:32
    at Object.js.setClassName (/Applications/CocosCreator.app/Contents/Resources/engine/bin/.cache/dev/cocos2d/core/platform/js.js:254:17)
    at doDefine (/Applications/CocosCreator.app/Contents/Resources/engine/bin/.cache/dev/cocos2d/core/platform/CCClass.js:279:16)
    at define (/Applications/CocosCreator.app/Contents/Resources/engine/bin/.cache/dev/cocos2d/core/platform/CCClass.js:295:23)
    at Object.CCClass [as Class] (/Applications/CocosCreator.app/Contents/Resources/engine/bin/.cache/dev/cocos2d/core/platform/CCClass.js:662:23)
    at __define (/Users/tianyuli/Documents/iDeveloper/littleGameSample/temp/quick-scripts/assets/Script/mainSingleGame.js:17:4)
    at /Users/tianyuli/Documents/iDeveloper/littleGameSample/temp/quick-scripts/assets/Script/mainSingleGame.js:239:13
    at Object.<anonymous> (/Users/tianyuli/Documents/iDeveloper/littleGameSample/temp/quick-scripts/assets/Script/mainSingleGame.js:246:11)
    at Object.<anonymous> (/Users/tianyuli/Documents/iDeveloper/littleGameSample/temp/quick-scripts/assets/Script/mainSingleGame.js:249:3)
2018-12-05T00:28:26.183Z - error: A Class already exists with the same __cid__ : "e23a9ROq0tEK5FFyO+LWCKH".
    at Object._setClassId (/Applications/CocosCreator.app/Contents/Resources/engine/bin/.cache/dev/cocos2d/core/platform/js.js:244:32)
    at define (/Applications/CocosCreator.app/Contents/Resources/engine/bin/.cache/dev/cocos2d/core/platform/CCClass.js:300:28)
    at Object.CCClass [as Class] (/Applications/CocosCreator.app/Contents/Resources/engine/bin/.cache/dev/cocos2d/core/platform/CCClass.js:662:23)
    at __define (/Users/tianyuli/Documents/iDeveloper/littleGameSample/temp/quick-scripts/assets/Script/mainSingleGame.js:17:4)
    at /Users/tianyuli/Documents/iDeveloper/littleGameSample/temp/quick-scripts/assets/Script/mainSingleGame.js:239:13
    at Object.<anonymous> (/Users/tianyuli/Documents/iDeveloper/littleGameSample/temp/quick-scripts/assets/Script/mainSingleGame.js:246:11)
    at Object.<anonymous> (/Users/tianyuli/Documents/iDeveloper/littleGameSample/temp/quick-scripts/assets/Script/mainSingleGame.js:249:3)
    at Module._compile (module.js:571:32)
    at Object.Module._extensions..js (module.js:580:10)
2018-12-05T00:28:26.183Z - error: Property 'mainSingleGame.currentQuestion' must define at least one of 'default', 'get' or 'set'.
    at Object.cc.errorID (/Applications/CocosCreator.app/Contents/Resources/engine/bin/.cache/dev/cocos2d/core/CCDebug.js:167:16)
    at Object.exports.preprocessAttrs (/Applications/CocosCreator.app/Contents/Resources/engine/bin/.cache/dev/cocos2d/core/platform/preprocess-class.js:212:36)
    at declareProperties (/Applications/CocosCreator.app/Contents/Resources/engine/bin/.cache/dev/cocos2d/core/platform/CCClass.js:642:28)
    at Object.CCClass [as Class] (/Applications/CocosCreator.app/Contents/Resources/engine/bin/.cache/dev/cocos2d/core/platform/CCClass.js:685:17)
    at __define (/Users/tianyuli/Documents/iDeveloper/littleGameSample/temp/quick-scripts/assets/Script/mainSingleGame.js:17:4)
    at /Users/tianyuli/Documents/iDeveloper/littleGameSample/temp/quick-scripts/assets/Script/mainSingleGame.js:239:13
    at Object.<anonymous> (/Users/tianyuli/Documents/iDeveloper/littleGameSample/temp/quick-scripts/assets/Script/mainSingleGame.js:246:11)
    at Object.<anonymous> (/Users/tianyuli/Documents/iDeveloper/littleGameSample/temp/quick-scripts/assets/Script/mainSingleGame.js:249:3)
    at Module._compile (module.js:571:32)
2018-12-05T00:28:26.185Z - normal: Finish init build-worker
2018-12-05T00:28:26.185Z - normal: Start build-assets in worker
2018-12-05T00:28:26.418Z - normal: Finish build-assets in worker
2018-12-05T00:28:26.420Z - normal: Finish building assets
2018-12-05T00:28:26.428Z - normal: Start building plugin scripts
2018-12-05T00:28:26.465Z - normal: Generating main.js from /Applications/CocosCreator.app/Contents/Resources/static/build-templates/shares/main.js
2018-12-05T00:28:27.478Z - normal: Built to "/Users/tianyuli/Documents/iDeveloper/littleGameSample/build/wechatgame" successfully
2018-12-05T00:28:30.226Z - normal: Initializing...

2018-12-05T00:28:30.230Z - normal: idePortFile: /Users/tianyuli/Library/Application Support/微信web开发者工具/Default/.ide

2018-12-05T00:28:30.246Z - normal: IDE server has started, listening on http://127.0.0.1:52847
initialization finished

2018-12-05T00:28:31.295Z - normal: open IDE success

2018-12-05T01:59:19.990Z - error: Property 'mainSingleGame.currentQuestion' must define at least one of 'default', 'get' or 'set'.
    at Object.cc.errorID (/Applications/CocosCreator.app/Contents/Resources/engine/bin/.cache/dev/cocos2d/core/CCDebug.js:167:16)
    at Object.exports.preprocessAttrs (/Applications/CocosCreator.app/Contents/Resources/engine/bin/.cache/dev/cocos2d/core/platform/preprocess-class.js:212:36)
    at declareProperties (/Applications/CocosCreator.app/Contents/Resources/engine/bin/.cache/dev/cocos2d/core/platform/CCClass.js:642:28)
    at Object.CCClass [as Class] (/Applications/CocosCreator.app/Contents/Resources/engine/bin/.cache/dev/cocos2d/core/platform/CCClass.js:685:17)
    at __define (/Users/tianyuli/Documents/iDeveloper/littleGameSample/temp/quick-scripts/assets/Script/mainSingleGame 2.js:17:4)
    at /Users/tianyuli/Documents/iDeveloper/littleGameSample/temp/quick-scripts/assets/Script/mainSingleGame 2.js:239:13
    at Object.<anonymous> (/Users/tianyuli/Documents/iDeveloper/littleGameSample/temp/quick-scripts/assets/Script/mainSingleGame 2.js:246:11)
    at Object.<anonymous> (/Users/tianyuli/Documents/iDeveloper/littleGameSample/temp/quick-scripts/assets/Script/mainSingleGame 2.js:249:3)
    at Module._compile (module.js:571:32)
2018-12-05T01:59:19.993Z - error: Do not set default value to non-empty object, unless the object defines its own 'clone' function. Set default value of mainSingleGame.progressBar to null or {}, and initialize in 'onLoad' or 'ctor' please. (just like 'this.progressBar = {foo: bar};')
    at Object.cc.errorID (/Applications/CocosCreator.app/Contents/Resources/engine/bin/.cache/dev/cocos2d/core/CCDebug.js:167:16)
    at defineProp (/Applications/CocosCreator.app/Contents/Resources/engine/bin/.cache/dev/cocos2d/core/platform/CCClass.js:113:36)
    at declareProperties (/Applications/CocosCreator.app/Contents/Resources/engine/bin/.cache/dev/cocos2d/core/platform/CCClass.js:646:25)
    at Object.CCClass [as Class] (/Applications/CocosCreator.app/Contents/Resources/engine/bin/.cache/dev/cocos2d/core/platform/CCClass.js:685:17)
    at __define (/Users/tianyuli/Documents/iDeveloper/littleGameSample/temp/quick-scripts/assets/Script/mainSingleGame 2.js:17:4)
    at /Users/tianyuli/Documents/iDeveloper/littleGameSample/temp/quick-scripts/assets/Script/mainSingleGame 2.js:239:13
    at Object.<anonymous> (/Users/tianyuli/Documents/iDeveloper/littleGameSample/temp/quick-scripts/assets/Script/mainSingleGame 2.js:246:11)
    at Object.<anonymous> (/Users/tianyuli/Documents/iDeveloper/littleGameSample/temp/quick-scripts/assets/Script/mainSingleGame 2.js:249:3)
    at Module._compile (module.js:571:32)
2018-12-05T01:59:19.996Z - error: A Class already exists with the same __classname__ : "mainSingleGame".
    at /Applications/CocosCreator.app/Contents/Resources/engine/bin/.cache/dev/cocos2d/core/platform/js.js:244:32
    at Object.js.setClassName (/Applications/CocosCreator.app/Contents/Resources/engine/bin/.cache/dev/cocos2d/core/platform/js.js:254:17)
    at doDefine (/Applications/CocosCreator.app/Contents/Resources/engine/bin/.cache/dev/cocos2d/core/platform/CCClass.js:279:16)
    at define (/Applications/CocosCreator.app/Contents/Resources/engine/bin/.cache/dev/cocos2d/core/platform/CCClass.js:295:23)
    at Object.CCClass [as Class] (/Applications/CocosCreator.app/Contents/Resources/engine/bin/.cache/dev/cocos2d/core/platform/CCClass.js:662:23)
    at __define (/Users/tianyuli/Documents/iDeveloper/littleGameSample/temp/quick-scripts/assets/Script/mainSingleGame.js:17:4)
    at /Users/tianyuli/Documents/iDeveloper/littleGameSample/temp/quick-scripts/assets/Script/mainSingleGame.js:239:13
    at Object.<anonymous> (/Users/tianyuli/Documents/iDeveloper/littleGameSample/temp/quick-scripts/assets/Script/mainSingleGame.js:246:11)
    at Object.<anonymous> (/Users/tianyuli/Documents/iDeveloper/littleGameSample/temp/quick-scripts/assets/Script/mainSingleGame.js:249:3)
2018-12-05T01:59:19.997Z - error: A Class already exists with the same __cid__ : "e23a9ROq0tEK5FFyO+LWCKH".
    at Object._setClassId (/Applications/CocosCreator.app/Contents/Resources/engine/bin/.cache/dev/cocos2d/core/platform/js.js:244:32)
    at define (/Applications/CocosCreator.app/Contents/Resources/engine/bin/.cache/dev/cocos2d/core/platform/CCClass.js:300:28)
    at Object.CCClass [as Class] (/Applications/CocosCreator.app/Contents/Resources/engine/bin/.cache/dev/cocos2d/core/platform/CCClass.js:662:23)
    at __define (/Users/tianyuli/Documents/iDeveloper/littleGameSample/temp/quick-scripts/assets/Script/mainSingleGame.js:17:4)
    at /Users/tianyuli/Documents/iDeveloper/littleGameSample/temp/quick-scripts/assets/Script/mainSingleGame.js:239:13
    at Object.<anonymous> (/Users/tianyuli/Documents/iDeveloper/littleGameSample/temp/quick-scripts/assets/Script/mainSingleGame.js:246:11)
    at Object.<anonymous> (/Users/tianyuli/Documents/iDeveloper/littleGameSample/temp/quick-scripts/assets/Script/mainSingleGame.js:249:3)
    at Module._compile (module.js:571:32)
    at Object.Module._extensions..js (module.js:580:10)
2018-12-05T01:59:19.997Z - error: Property 'mainSingleGame.currentQuestion' must define at least one of 'default', 'get' or 'set'.
    at Object.cc.errorID (/Applications/CocosCreator.app/Contents/Resources/engine/bin/.cache/dev/cocos2d/core/CCDebug.js:167:16)
    at Object.exports.preprocessAttrs (/Applications/CocosCreator.app/Contents/Resources/engine/bin/.cache/dev/cocos2d/core/platform/preprocess-class.js:212:36)
    at declareProperties (/Applications/CocosCreator.app/Contents/Resources/engine/bin/.cache/dev/cocos2d/core/platform/CCClass.js:642:28)
    at Object.CCClass [as Class] (/Applications/CocosCreator.app/Contents/Resources/engine/bin/.cache/dev/cocos2d/core/platform/CCClass.js:685:17)
    at __define (/Users/tianyuli/Documents/iDeveloper/littleGameSample/temp/quick-scripts/assets/Script/mainSingleGame.js:17:4)
    at /Users/tianyuli/Documents/iDeveloper/littleGameSample/temp/quick-scripts/assets/Script/mainSingleGame.js:239:13
    at Object.<anonymous> (/Users/tianyuli/Documents/iDeveloper/littleGameSample/temp/quick-scripts/assets/Script/mainSingleGame.js:246:11)
    at Object.<anonymous> (/Users/tianyuli/Documents/iDeveloper/littleGameSample/temp/quick-scripts/assets/Script/mainSingleGame.js:249:3)
    at Module._compile (module.js:571:32)
2018-12-05T01:59:19.998Z - error: Do not set default value to non-empty object, unless the object defines its own 'clone' function. Set default value of mainSingleGame.progressBar to null or {}, and initialize in 'onLoad' or 'ctor' please. (just like 'this.progressBar = {foo: bar};')
    at Object.cc.errorID (/Applications/CocosCreator.app/Contents/Resources/engine/bin/.cache/dev/cocos2d/core/CCDebug.js:167:16)
    at defineProp (/Applications/CocosCreator.app/Contents/Resources/engine/bin/.cache/dev/cocos2d/core/platform/CCClass.js:113:36)
    at declareProperties (/Applications/CocosCreator.app/Contents/Resources/engine/bin/.cache/dev/cocos2d/core/platform/CCClass.js:646:25)
    at Object.CCClass [as Class] (/Applications/CocosCreator.app/Contents/Resources/engine/bin/.cache/dev/cocos2d/core/platform/CCClass.js:685:17)
    at __define (/Users/tianyuli/Documents/iDeveloper/littleGameSample/temp/quick-scripts/assets/Script/mainSingleGame.js:17:4)
    at /Users/tianyuli/Documents/iDeveloper/littleGameSample/temp/quick-scripts/assets/Script/mainSingleGame.js:239:13
    at Object.<anonymous> (/Users/tianyuli/Documents/iDeveloper/littleGameSample/temp/quick-scripts/assets/Script/mainSingleGame.js:246:11)
    at Object.<anonymous> (/Users/tianyuli/Documents/iDeveloper/littleGameSample/temp/quick-scripts/assets/Script/mainSingleGame.js:249:3)
    at Module._compile (module.js:571:32)
2018-12-05T01:59:29.213Z - error: Property 'mainSingleGame.currentQuestion' must define at least one of 'default', 'get' or 'set'.
    at Object.cc.errorID (/Applications/CocosCreator.app/Contents/Resources/engine/bin/.cache/dev/cocos2d/core/CCDebug.js:167:16)
    at Object.exports.preprocessAttrs (/Applications/CocosCreator.app/Contents/Resources/engine/bin/.cache/dev/cocos2d/core/platform/preprocess-class.js:212:36)
    at declareProperties (/Applications/CocosCreator.app/Contents/Resources/engine/bin/.cache/dev/cocos2d/core/platform/CCClass.js:642:28)
    at Object.CCClass [as Class] (/Applications/CocosCreator.app/Contents/Resources/engine/bin/.cache/dev/cocos2d/core/platform/CCClass.js:685:17)
    at __define (/Users/tianyuli/Documents/iDeveloper/littleGameSample/temp/quick-scripts/assets/Script/mainSingleGame 2.js:17:4)
    at /Users/tianyuli/Documents/iDeveloper/littleGameSample/temp/quick-scripts/assets/Script/mainSingleGame 2.js:239:13
    at Object.<anonymous> (/Users/tianyuli/Documents/iDeveloper/littleGameSample/temp/quick-scripts/assets/Script/mainSingleGame 2.js:246:11)
    at Object.<anonymous> (/Users/tianyuli/Documents/iDeveloper/littleGameSample/temp/quick-scripts/assets/Script/mainSingleGame 2.js:249:3)
    at Module._compile (module.js:571:32)
2018-12-05T01:59:29.213Z - error: Do not set default value to non-empty object, unless the object defines its own 'clone' function. Set default value of mainSingleGame.progressBar to null or {}, and initialize in 'onLoad' or 'ctor' please. (just like 'this.progressBar = {foo: bar};')
    at Object.cc.errorID (/Applications/CocosCreator.app/Contents/Resources/engine/bin/.cache/dev/cocos2d/core/CCDebug.js:167:16)
    at defineProp (/Applications/CocosCreator.app/Contents/Resources/engine/bin/.cache/dev/cocos2d/core/platform/CCClass.js:113:36)
    at declareProperties (/Applications/CocosCreator.app/Contents/Resources/engine/bin/.cache/dev/cocos2d/core/platform/CCClass.js:646:25)
    at Object.CCClass [as Class] (/Applications/CocosCreator.app/Contents/Resources/engine/bin/.cache/dev/cocos2d/core/platform/CCClass.js:685:17)
    at __define (/Users/tianyuli/Documents/iDeveloper/littleGameSample/temp/quick-scripts/assets/Script/mainSingleGame 2.js:17:4)
    at /Users/tianyuli/Documents/iDeveloper/littleGameSample/temp/quick-scripts/assets/Script/mainSingleGame 2.js:239:13
    at Object.<anonymous> (/Users/tianyuli/Documents/iDeveloper/littleGameSample/temp/quick-scripts/assets/Script/mainSingleGame 2.js:246:11)
    at Object.<anonymous> (/Users/tianyuli/Documents/iDeveloper/littleGameSample/temp/quick-scripts/assets/Script/mainSingleGame 2.js:249:3)
    at Module._compile (module.js:571:32)
2018-12-05T01:59:29.216Z - error: A Class already exists with the same __classname__ : "mainSingleGame".
    at /Applications/CocosCreator.app/Contents/Resources/engine/bin/.cache/dev/cocos2d/core/platform/js.js:244:32
    at Object.js.setClassName (/Applications/CocosCreator.app/Contents/Resources/engine/bin/.cache/dev/cocos2d/core/platform/js.js:254:17)
    at doDefine (/Applications/CocosCreator.app/Contents/Resources/engine/bin/.cache/dev/cocos2d/core/platform/CCClass.js:279:16)
    at define (/Applications/CocosCreator.app/Contents/Resources/engine/bin/.cache/dev/cocos2d/core/platform/CCClass.js:295:23)
    at Object.CCClass [as Class] (/Applications/CocosCreator.app/Contents/Resources/engine/bin/.cache/dev/cocos2d/core/platform/CCClass.js:662:23)
    at __define (/Users/tianyuli/Documents/iDeveloper/littleGameSample/temp/quick-scripts/assets/Script/mainSingleGame.js:17:4)
    at /Users/tianyuli/Documents/iDeveloper/littleGameSample/temp/quick-scripts/assets/Script/mainSingleGame.js:239:13
    at Object.<anonymous> (/Users/tianyuli/Documents/iDeveloper/littleGameSample/temp/quick-scripts/assets/Script/mainSingleGame.js:246:11)
    at Object.<anonymous> (/Users/tianyuli/Documents/iDeveloper/littleGameSample/temp/quick-scripts/assets/Script/mainSingleGame.js:249:3)
2018-12-05T01:59:29.217Z - error: A Class already exists with the same __cid__ : "e23a9ROq0tEK5FFyO+LWCKH".
    at Object._setClassId (/Applications/CocosCreator.app/Contents/Resources/engine/bin/.cache/dev/cocos2d/core/platform/js.js:244:32)
    at define (/Applications/CocosCreator.app/Contents/Resources/engine/bin/.cache/dev/cocos2d/core/platform/CCClass.js:300:28)
    at Object.CCClass [as Class] (/Applications/CocosCreator.app/Contents/Resources/engine/bin/.cache/dev/cocos2d/core/platform/CCClass.js:662:23)
    at __define (/Users/tianyuli/Documents/iDeveloper/littleGameSample/temp/quick-scripts/assets/Script/mainSingleGame.js:17:4)
    at /Users/tianyuli/Documents/iDeveloper/littleGameSample/temp/quick-scripts/assets/Script/mainSingleGame.js:239:13
    at Object.<anonymous> (/Users/tianyuli/Documents/iDeveloper/littleGameSample/temp/quick-scripts/assets/Script/mainSingleGame.js:246:11)
    at Object.<anonymous> (/Users/tianyuli/Documents/iDeveloper/littleGameSample/temp/quick-scripts/assets/Script/mainSingleGame.js:249:3)
    at Module._compile (module.js:571:32)
    at Object.Module._extensions..js (module.js:580:10)
2018-12-05T01:59:29.217Z - error: Property 'mainSingleGame.currentQuestion' must define at least one of 'default', 'get' or 'set'.
    at Object.cc.errorID (/Applications/CocosCreator.app/Contents/Resources/engine/bin/.cache/dev/cocos2d/core/CCDebug.js:167:16)
    at Object.exports.preprocessAttrs (/Applications/CocosCreator.app/Contents/Resources/engine/bin/.cache/dev/cocos2d/core/platform/preprocess-class.js:212:36)
    at declareProperties (/Applications/CocosCreator.app/Contents/Resources/engine/bin/.cache/dev/cocos2d/core/platform/CCClass.js:642:28)
    at Object.CCClass [as Class] (/Applications/CocosCreator.app/Contents/Resources/engine/bin/.cache/dev/cocos2d/core/platform/CCClass.js:685:17)
    at __define (/Users/tianyuli/Documents/iDeveloper/littleGameSample/temp/quick-scripts/assets/Script/mainSingleGame.js:17:4)
    at /Users/tianyuli/Documents/iDeveloper/littleGameSample/temp/quick-scripts/assets/Script/mainSingleGame.js:239:13
    at Object.<anonymous> (/Users/tianyuli/Documents/iDeveloper/littleGameSample/temp/quick-scripts/assets/Script/mainSingleGame.js:246:11)
    at Object.<anonymous> (/Users/tianyuli/Documents/iDeveloper/littleGameSample/temp/quick-scripts/assets/Script/mainSingleGame.js:249:3)
    at Module._compile (module.js:571:32)
2018-12-05T01:59:29.217Z - error: Do not set default value to non-empty object, unless the object defines its own 'clone' function. Set default value of mainSingleGame.progressBar to null or {}, and initialize in 'onLoad' or 'ctor' please. (just like 'this.progressBar = {foo: bar};')
    at Object.cc.errorID (/Applications/CocosCreator.app/Contents/Resources/engine/bin/.cache/dev/cocos2d/core/CCDebug.js:167:16)
    at defineProp (/Applications/CocosCreator.app/Contents/Resources/engine/bin/.cache/dev/cocos2d/core/platform/CCClass.js:113:36)
    at declareProperties (/Applications/CocosCreator.app/Contents/Resources/engine/bin/.cache/dev/cocos2d/core/platform/CCClass.js:646:25)
    at Object.CCClass [as Class] (/Applications/CocosCreator.app/Contents/Resources/engine/bin/.cache/dev/cocos2d/core/platform/CCClass.js:685:17)
    at __define (/Users/tianyuli/Documents/iDeveloper/littleGameSample/temp/quick-scripts/assets/Script/mainSingleGame.js:17:4)
    at /Users/tianyuli/Documents/iDeveloper/littleGameSample/temp/quick-scripts/assets/Script/mainSingleGame.js:239:13
    at Object.<anonymous> (/Users/tianyuli/Documents/iDeveloper/littleGameSample/temp/quick-scripts/assets/Script/mainSingleGame.js:246:11)
    at Object.<anonymous> (/Users/tianyuli/Documents/iDeveloper/littleGameSample/temp/quick-scripts/assets/Script/mainSingleGame.js:249:3)
    at Module._compile (module.js:571:32)
2018-12-05T02:02:22.750Z - warn: Error: ipc timeout. message: scene:query-node, session: scene@renderer:12127
2018-12-05T02:04:23.827Z - info: shutdown preview server
